Determining if the pthread_create exist failed with the following output:
Change Dir: /home/xjj/Desktop/myWeb_server/Build/CMakeFiles/CMakeTmp

Run Build Command:"/usr/bin/make" "cmTC_7582f/fast"
/usr/bin/make -f CMakeFiles/cmTC_7582f.dir/build.make CMakeFiles/cmTC_7582f.dir/build
make[1]: Entering directory '/home/xjj/Desktop/myWeb_server/Build/CMakeFiles/CMakeTmp'
Building C object CMakeFiles/cmTC_7582f.dir/CheckSymbolExists.c.o
/usr/bin/cc    -o CMakeFiles/cmTC_7582f.dir/CheckSymbolExists.c.o   -c /home/xjj/Desktop/myWeb_server/Build/CMakeFiles/CMakeTmp/CheckSymbolExists.c
Linking C executable cmTC_7582f
/usr/bin/cmake -E cmake_link_script CMakeFiles/cmTC_7582f.dir/link.txt --verbose=1
/usr/bin/cc      -rdynamic CMakeFiles/cmTC_7582f.dir/CheckSymbolExists.c.o  -o cmTC_7582f 
CMakeFiles/cmTC_7582f.dir/CheckSymbolExists.c.o: In function `main':
CheckSymbolExists.c:(.text+0x1b): undefined reference to `pthread_create'
collect2: error: ld returned 1 exit status
CMakeFiles/cmTC_7582f.dir/build.make:97: recipe for target 'cmTC_7582f' failed
make[1]: *** [cmTC_7582f] Error 1
make[1]: Leaving directory '/home/xjj/Desktop/myWeb_server/Build/CMakeFiles/CMakeTmp'
Makefile:126: recipe for target 'cmTC_7582f/fast' failed
make: *** [cmTC_7582f/fast] Error 2

File /home/xjj/Desktop/myWeb_server/Build/CMakeFiles/CMakeTmp/CheckSymbolExists.c:
/* */
#include <pthread.h>

int main(int argc, char** argv)
{
  (void)argv;
#ifndef pthread_create
  return ((int*)(&pthread_create))[argc];
#else
  (void)argc;
  return 0;
#endif
}

Determining if the function pthread_create exists in the pthreads failed with the following output:
Change Dir: /home/xjj/Desktop/myWeb_server/Build/CMakeFiles/CMakeTmp

Run Build Command:"/usr/bin/make" "cmTC_a4bbe/fast"
/usr/bin/make -f CMakeFiles/cmTC_a4bbe.dir/build.make CMakeFiles/cmTC_a4bbe.dir/build
make[1]: Entering directory '/home/xjj/Desktop/myWeb_server/Build/CMakeFiles/CMakeTmp'
Building C object CMakeFiles/cmTC_a4bbe.dir/CheckFunctionExists.c.o
/usr/bin/cc   -DCHECK_FUNCTION_EXISTS=pthread_create   -o CMakeFiles/cmTC_a4bbe.dir/CheckFunctionExists.c.o   -c /usr/share/cmake-3.10/Modules/CheckFunctionExists.c
Linking C executable cmTC_a4bbe
/usr/bin/cmake -E cmake_link_script CMakeFiles/cmTC_a4bbe.dir/link.txt --verbose=1
/usr/bin/cc  -DCHECK_FUNCTION_EXISTS=pthread_create    -rdynamic CMakeFiles/cmTC_a4bbe.dir/CheckFunctionExists.c.o  -o cmTC_a4bbe -lpthreads 
/usr/bin/ld: cannot find -lpthreads
collect2: error: ld returned 1 exit status
CMakeFiles/cmTC_a4bbe.dir/build.make:97: recipe for target 'cmTC_a4bbe' failed
make[1]: *** [cmTC_a4bbe] Error 1
make[1]: Leaving directory '/home/xjj/Desktop/myWeb_server/Build/CMakeFiles/CMakeTmp'
Makefile:126: recipe for target 'cmTC_a4bbe/fast' failed
make: *** [cmTC_a4bbe/fast] Error 2


